<?xml version="1.0" encoding="UTF-8" standalone="no"?>
<testsuite errors="0" failures="0" name="io.cucumber.core.plugin.JUnitFormatter" skipped="0" tests="1" time="24.929">
<testcase classname="Instagram login functionality test" name="Check the ınstagram login page" time="24.589">
<system-out><![CDATA[Given browser is open.......................................................passed
And user is on login page...................................................passed
When user enters testUser and testPassword..................................passed
And user clicks on login....................................................passed
Then user is navigated to the home page.....................................passed
]]></system-out>
</testcase>
</testsuite>
